SF:/home/benklop/repos/auto-parental-tags/Jellyfin.Plugin.AutoParentalTags/AutoParentalTagsScheduledTask.cs
FN:31,System.String Jellyfin.Plugin.AutoParentalTags.AutoParentalTagsScheduledTask::get_Name()
FNDA:1,System.String Jellyfin.Plugin.AutoParentalTags.AutoParentalTagsScheduledTask::get_Name()
DA:32,1
FN:34,System.String Jellyfin.Plugin.AutoParentalTags.AutoParentalTagsScheduledTask::get_Key()
FNDA:1,System.String Jellyfin.Plugin.AutoParentalTags.AutoParentalTagsScheduledTask::get_Key()
DA:35,1
FN:37,System.String Jellyfin.Plugin.AutoParentalTags.AutoParentalTagsScheduledTask::get_Description()
FNDA:1,System.String Jellyfin.Plugin.AutoParentalTags.AutoParentalTagsScheduledTask::get_Description()
DA:38,1
FN:40,System.String Jellyfin.Plugin.AutoParentalTags.AutoParentalTagsScheduledTask::get_Category()
FNDA:1,System.String Jellyfin.Plugin.AutoParentalTags.AutoParentalTagsScheduledTask::get_Category()
DA:41,1
FN:64,System.Collections.Generic.IEnumerable`1<MediaBrowser.Model.Tasks.TaskTriggerInfo> Jellyfin.Plugin.AutoParentalTags.AutoParentalTagsScheduledTask::GetDefaultTriggers()
FNDA:1,System.Collections.Generic.IEnumerable`1<MediaBrowser.Model.Tasks.TaskTriggerInfo> Jellyfin.Plugin.AutoParentalTags.AutoParentalTagsScheduledTask::GetDefaultTriggers()
DA:65,1
DA:67,1
DA:68,1
FN:22,System.Void Jellyfin.Plugin.AutoParentalTags.AutoParentalTagsScheduledTask::.ctor(Jellyfin.Plugin.AutoParentalTags.LibraryMonitor,Microsoft.Extensions.Logging.ILogger`1<Jellyfin.Plugin.AutoParentalTags.AutoParentalTagsScheduledTask>)
FNDA:3,System.Void Jellyfin.Plugin.AutoParentalTags.AutoParentalTagsScheduledTask::.ctor(Jellyfin.Plugin.AutoParentalTags.LibraryMonitor,Microsoft.Extensions.Logging.ILogger`1<Jellyfin.Plugin.AutoParentalTags.AutoParentalTagsScheduledTask>)
DA:23,3
DA:24,3
DA:25,3
DA:26,3
DA:27,3
DA:28,3
DA:29,3
FN:44,System.Void Jellyfin.Plugin.AutoParentalTags.AutoParentalTagsScheduledTask/<ExecuteAsync>d__11::MoveNext()
FNDA:1,System.Void Jellyfin.Plugin.AutoParentalTags.AutoParentalTagsScheduledTask/<ExecuteAsync>d__11::MoveNext()
DA:45,1
DA:46,1
DA:49,1
DA:50,1
DA:51,1
DA:52,1
DA:54,1
DA:55,1
DA:56,0
DA:57,0
DA:58,0
DA:59,0
DA:61,1
LF:27
LH:23
BRF:0
BRH:0
FNF:7
FNH:7
end_of_record
SF:/home/benklop/repos/auto-parental-tags/Jellyfin.Plugin.AutoParentalTags/LibraryMonitor.cs
FN:70,System.String Jellyfin.Plugin.AutoParentalTags.LibraryMonitor::SanitizeForLog(System.String)
FNDA:10,System.String Jellyfin.Plugin.AutoParentalTags.LibraryMonitor::SanitizeForLog(System.String)
DA:71,10
DA:72,10
DA:73,0
DA:74,0
DA:77,10
DA:78,10
DA:79,10
DA:80,10
DA:81,10
BRDA:72,9,0,0
BRDA:72,9,1,10
FN:88,System.Collections.Generic.List`1<System.String> Jellyfin.Plugin.AutoParentalTags.LibraryMonitor::GetExistingAudienceTags(MediaBrowser.Controller.Entities.BaseItem)
FNDA:13,System.Collections.Generic.List`1<System.String> Jellyfin.Plugin.AutoParentalTags.LibraryMonitor::GetExistingAudienceTags(MediaBrowser.Controller.Entities.BaseItem)
DA:89,13
DA:90,13
DA:91,5
DA:92,13
DA:93,13
DA:94,13
BRDA:90,8,0,0
BRDA:90,8,1,13
BRDA:90,56,0,0
BRDA:90,56,1,13
FN:101,System.String Jellyfin.Plugin.AutoParentalTags.LibraryMonitor::GetMediaTypeLabel(MediaBrowser.Controller.Entities.BaseItem)
FNDA:10,System.String Jellyfin.Plugin.AutoParentalTags.LibraryMonitor::GetMediaTypeLabel(MediaBrowser.Controller.Entities.BaseItem)
DA:102,10
DA:103,10
DA:104,10
BRDA:103,7,0,9
BRDA:103,7,1,1
FN:111,Jellyfin.Data.Enums.BaseItemKind[] Jellyfin.Plugin.AutoParentalTags.LibraryMonitor::GetIncludedItemTypes(Jellyfin.Plugin.AutoParentalTags.Configuration.MediaScanMode)
FNDA:4,Jellyfin.Data.Enums.BaseItemKind[] Jellyfin.Plugin.AutoParentalTags.LibraryMonitor::GetIncludedItemTypes(Jellyfin.Plugin.AutoParentalTags.Configuration.MediaScanMode)
DA:112,4
DA:113,4
DA:114,4
DA:115,4
DA:116,0
DA:117,0
DA:118,0
DA:119,0
DA:120,4
DA:121,4
DA:122,0
DA:123,0
DA:124,0
DA:125,0
DA:126,0
DA:127,4
DA:128,4
DA:129,4
DA:130,4
DA:131,4
DA:132,4
DA:133,4
DA:134,4
BRDA:113,7,0,4
BRDA:113,7,1,0
BRDA:113,13,1,0
BRDA:113,13,0,4
FN:139,System.Threading.Tasks.Task Jellyfin.Plugin.AutoParentalTags.LibraryMonitor::Run(System.IProgress`1<System.Double>,System.Threading.CancellationToken)
FNDA:6,System.Threading.Tasks.Task Jellyfin.Plugin.AutoParentalTags.LibraryMonitor::Run(System.IProgress`1<System.Double>,System.Threading.CancellationToken)
DA:140,6
DA:141,6
DA:142,6
DA:143,6
DA:144,6
DA:145,6
DA:146,6
FN:157,System.Threading.Tasks.Task Jellyfin.Plugin.AutoParentalTags.LibraryMonitor::RunManualAsync(System.IProgress`1<System.Double>,System.Threading.CancellationToken)
FNDA:2,System.Threading.Tasks.Task Jellyfin.Plugin.AutoParentalTags.LibraryMonitor::RunManualAsync(System.IProgress`1<System.Double>,System.Threading.CancellationToken)
DA:158,2
DA:159,2
DA:160,2
DA:161,2
DA:162,2
DA:163,2
DA:164,2
FN:547,System.Void Jellyfin.Plugin.AutoParentalTags.LibraryMonitor::Dispose()
FNDA:1,System.Void Jellyfin.Plugin.AutoParentalTags.LibraryMonitor::Dispose()
DA:548,1
DA:549,1
DA:550,1
DA:551,1
FN:559,System.Void Jellyfin.Plugin.AutoParentalTags.LibraryMonitor::Dispose(System.Boolean)
FNDA:1,System.Void Jellyfin.Plugin.AutoParentalTags.LibraryMonitor::Dispose(System.Boolean)
DA:560,1
DA:561,1
DA:562,0
DA:563,0
DA:566,1
DA:567,1
DA:568,1
DA:569,1
DA:571,1
DA:572,1
BRDA:561,9,0,0
BRDA:561,9,1,1
BRDA:566,17,0,1
BRDA:566,17,1,1
FN:34,System.Void Jellyfin.Plugin.AutoParentalTags.LibraryMonitor::.ctor(MediaBrowser.Controller.Library.ILibraryManager,Microsoft.Extensions.Logging.ILogger`1<Jellyfin.Plugin.AutoParentalTags.LibraryMonitor>,Jellyfin.Plugin.AutoParentalTags.Services.AiServiceFactory,System.Nullable`1<System.TimeSpan>)
FNDA:21,System.Void Jellyfin.Plugin.AutoParentalTags.LibraryMonitor::.ctor(MediaBrowser.Controller.Library.ILibraryManager,Microsoft.Extensions.Logging.ILogger`1<Jellyfin.Plugin.AutoParentalTags.LibraryMonitor>,Jellyfin.Plugin.AutoParentalTags.Services.AiServiceFactory,System.Nullable`1<System.TimeSpan>)
DA:35,21
DA:53,21
DA:54,21
DA:55,21
DA:56,21
DA:57,21
DA:58,21
DA:59,21
DA:60,21
DA:61,21
DA:62,21
DA:63,21
BRDA:62,53,0,16
BRDA:62,53,1,5
FN:22,System.Void Jellyfin.Plugin.AutoParentalTags.LibraryMonitor::.cctor()
FNDA:1,System.Void Jellyfin.Plugin.AutoParentalTags.LibraryMonitor::.cctor()
DA:23,1
DA:24,1
DA:25,1
DA:26,1
DA:27,1
DA:28,1
DA:29,1
FN:246,System.Boolean Jellyfin.Plugin.AutoParentalTags.LibraryMonitor/<>c::<RunCoreAsync>b__14_0(MediaBrowser.Controller.Entities.BaseItem)
FNDA:3,System.Boolean Jellyfin.Plugin.AutoParentalTags.LibraryMonitor/<>c::<RunCoreAsync>b__14_0(MediaBrowser.Controller.Entities.BaseItem)
DA:247,3
BRDA:247,6,0,0
BRDA:247,6,1,3
FN:247,System.Guid Jellyfin.Plugin.AutoParentalTags.LibraryMonitor/<>c::<RunCoreAsync>b__14_1(MediaBrowser.Controller.Entities.BaseItem)
FNDA:3,System.Guid Jellyfin.Plugin.AutoParentalTags.LibraryMonitor/<>c::<RunCoreAsync>b__14_1(MediaBrowser.Controller.Entities.BaseItem)
DA:248,3
FN:248,MediaBrowser.Controller.Entities.BaseItem Jellyfin.Plugin.AutoParentalTags.LibraryMonitor/<>c::<RunCoreAsync>b__14_2(System.Linq.IGrouping`2<System.Guid,MediaBrowser.Controller.Entities.BaseItem>)
FNDA:3,MediaBrowser.Controller.Entities.BaseItem Jellyfin.Plugin.AutoParentalTags.LibraryMonitor/<>c::<RunCoreAsync>b__14_2(System.Linq.IGrouping`2<System.Guid,MediaBrowser.Controller.Entities.BaseItem>)
DA:249,3
FN:273,System.Boolean Jellyfin.Plugin.AutoParentalTags.LibraryMonitor/<>c::<RunCoreAsync>b__14_3(MediaBrowser.Controller.Entities.BaseItem)
FNDA:3,System.Boolean Jellyfin.Plugin.AutoParentalTags.LibraryMonitor/<>c::<RunCoreAsync>b__14_3(MediaBrowser.Controller.Entities.BaseItem)
DA:274,3
FN:464,System.Boolean Jellyfin.Plugin.AutoParentalTags.LibraryMonitor/<>c::<ProcessItemAsync>b__15_0(System.String)
FNDA:5,System.Boolean Jellyfin.Plugin.AutoParentalTags.LibraryMonitor/<>c::<ProcessItemAsync>b__15_0(System.String)
DA:465,5
FN:390,System.Void Jellyfin.Plugin.AutoParentalTags.LibraryMonitor/<ProcessItemAsync>d__15::MoveNext()
FNDA:10,System.Void Jellyfin.Plugin.AutoParentalTags.LibraryMonitor/<ProcessItemAsync>d__15::MoveNext()
DA:391,10
DA:392,10
DA:393,0
DA:394,0
DA:395,0
DA:396,0
DA:397,0
DA:399,0
DA:402,10
DA:403,10
DA:404,10
DA:406,10
DA:407,10
DA:408,1
DA:409,1
DA:410,1
DA:411,1
DA:412,1
DA:413,1
DA:415,1
DA:418,9
DA:419,9
DA:420,9
DA:421,9
DA:422,9
DA:424,9
DA:425,9
DA:426,9
DA:427,9
DA:428,9
DA:429,9
DA:430,9
DA:431,9
DA:432,9
DA:434,9
DA:435,2
DA:436,2
DA:437,2
DA:438,2
DA:439,2
DA:441,2
DA:444,7
DA:446,7
DA:447,0
DA:448,0
DA:449,0
DA:450,0
DA:451,0
DA:452,0
DA:454,0
DA:457,7
DA:458,7
DA:459,7
DA:461,7
DA:462,7
DA:463,2
DA:464,2
DA:466,2
DA:468,7
DA:469,7
DA:470,7
DA:471,7
DA:472,7
DA:473,7
DA:475,7
DA:477,7
DA:478,7
DA:479,7
DA:480,7
DA:482,7
DA:483,7
DA:484,7
DA:485,7
DA:486,7
DA:487,7
DA:489,7
DA:490,10
BRDA:392,40,0,1
BRDA:392,40,1,9
BRDA:392,64,0,0
BRDA:392,64,1,10
BRDA:406,186,0,3
BRDA:406,186,1,7
BRDA:406,202,0,1
BRDA:406,202,1,9
BRDA:422,368,0,0
BRDA:422,368,1,9
BRDA:434,574,0,2
BRDA:434,574,1,7
BRDA:446,680,0,0
BRDA:446,680,1,7
BRDA:457,768,0,0
BRDA:457,768,1,7
BRDA:457,780,0,0
BRDA:457,780,1,7
BRDA:461,799,0,5
BRDA:461,799,1,2
BRDA:461,822,0,2
BRDA:461,822,1,7
BRDA:468,898,0,7
BRDA:468,898,1,7
FN:509,System.Void Jellyfin.Plugin.AutoParentalTags.LibraryMonitor/<ProcessMovieAsync>d__16::MoveNext()
FNDA:7,System.Void Jellyfin.Plugin.AutoParentalTags.LibraryMonitor/<ProcessMovieAsync>d__16::MoveNext()
DA:510,7
DA:511,7
DA:512,7
DA:513,7
DA:514,7
DA:515,7
DA:516,7
DA:517,7
FN:536,System.Void Jellyfin.Plugin.AutoParentalTags.LibraryMonitor/<ProcessSeriesAsync>d__17::MoveNext()
FNDA:1,System.Void Jellyfin.Plugin.AutoParentalTags.LibraryMonitor/<ProcessSeriesAsync>d__17::MoveNext()
DA:537,1
DA:538,1
DA:539,1
DA:540,1
DA:541,1
DA:542,1
DA:543,1
DA:544,1
FN:170,System.Void Jellyfin.Plugin.AutoParentalTags.LibraryMonitor/<RunCoreAsync>d__14::MoveNext()
FNDA:8,System.Void Jellyfin.Plugin.AutoParentalTags.LibraryMonitor/<RunCoreAsync>d__14::MoveNext()
DA:171,8
DA:172,8
DA:175,8
DA:176,8
DA:177,8
DA:178,8
DA:180,8
DA:181,0
DA:182,0
DA:183,0
DA:184,0
DA:186,0
DA:187,0
DA:193,8
DA:194,8
DA:195,8
DA:196,0
DA:197,0
DA:198,0
DA:199,0
DA:200,0
DA:202,0
DA:203,0
DA:206,8
DA:207,2
DA:208,2
DA:209,2
DA:211,2
DA:212,2
DA:215,6
DA:216,1
DA:217,1
DA:218,1
DA:220,1
DA:221,1
DA:224,5
DA:225,1
DA:226,1
DA:227,1
DA:229,1
DA:230,1
DA:233,4
DA:234,4
DA:239,4
DA:240,4
DA:241,4
DA:242,4
DA:243,4
DA:244,4
DA:245,4
DA:246,4
DA:250,4
DA:252,4
DA:253,2
DA:254,2
DA:256,2
DA:257,2
DA:258,2
DA:260,2
DA:268,2
DA:269,2
DA:270,2
DA:272,2
DA:273,2
DA:275,2
DA:276,2
DA:278,2
DA:280,2
DA:281,2
DA:282,2
DA:283,2
DA:284,2
DA:285,2
DA:287,2
DA:288,1
DA:289,1
DA:290,1
DA:293,1
DA:294,1
DA:296,1
DA:297,1
DA:298,1
DA:299,1
DA:301,7
DA:302,2
DA:303,2
DA:306,2
DA:307,2
DA:308,2
DA:309,2
DA:310,2
DA:311,2
DA:312,2
DA:314,2
DA:315,2
DA:316,2
DA:317,2
DA:319,0
DA:320,0
DA:321,0
DA:322,2
DA:323,0
DA:324,0
DA:325,0
DA:327,0
DA:328,0
DA:329,0
DA:330,0
DA:331,0
DA:332,0
DA:333,0
DA:335,2
DA:337,2
DA:338,2
DA:342,2
DA:343,2
DA:344,0
DA:345,0
DA:346,0
DA:347,0
DA:348,0
DA:349,0
DA:350,2
DA:352,1
DA:353,1
DA:354,1
DA:355,1
DA:356,1
DA:357,1
DA:358,1
DA:359,1
DA:361,1
DA:362,1
DA:364,8
DA:365,8
DA:366,8
DA:367,8
DA:368,8
DA:369,8
DA:370,8
BRDA:172,33,0,8
BRDA:180,197,0,0
BRDA:186,244,0,0
BRDA:186,244,1,0
BRDA:180,197,1,8
BRDA:194,278,0,0
BRDA:194,278,1,8
BRDA:202,348,0,0
BRDA:202,348,1,0
BRDA:206,379,0,7
BRDA:206,379,1,1
BRDA:206,402,0,2
BRDA:211,439,0,0
BRDA:211,439,1,2
BRDA:206,402,1,6
BRDA:215,470,0,5
BRDA:215,470,1,1
BRDA:215,493,0,1
BRDA:220,530,0,0
BRDA:220,530,1,1
BRDA:215,493,1,5
BRDA:224,575,0,1
BRDA:229,612,0,0
BRDA:229,612,1,1
BRDA:224,575,1,4
BRDA:252,851,0,2
BRDA:254,861,0,0
BRDA:254,861,1,2
BRDA:252,851,1,2
BRDA:268,935,0,0
BRDA:268,935,1,2
BRDA:272,966,0,0
BRDA:272,966,1,2
BRDA:287,1164,0,1
BRDA:289,1174,0,0
BRDA:289,1174,1,1
BRDA:287,1164,1,1
BRDA:172,33,1,1
BRDA:293,1232,0,1
BRDA:293,1232,1,1
BRDA:301,1939,1,2
BRDA:314,1528,0,2
BRDA:314,1528,1,0
BRDA:337,1713,0,0
BRDA:337,1713,1,2
BRDA:342,1761,0,1
BRDA:342,1761,1,1
BRDA:342,1791,0,0
BRDA:342,1791,1,2
BRDA:301,1939,0,1
BRDA:361,2100,0,0
BRDA:361,2100,1,1
BRDA:365,2200,0,8
BRDA:365,2200,1,8
LF:326
LH:268
BRF:98
BRH:69
FNF:19
FNH:19
end_of_record
SF:/home/benklop/repos/auto-parental-tags/Jellyfin.Plugin.AutoParentalTags/Plugin.cs
FN:35,System.String Jellyfin.Plugin.AutoParentalTags.Plugin::get_Name()
FNDA:3,System.String Jellyfin.Plugin.AutoParentalTags.Plugin::get_Name()
DA:36,3
FN:38,System.Guid Jellyfin.Plugin.AutoParentalTags.Plugin::get_Id()
FNDA:2,System.Guid Jellyfin.Plugin.AutoParentalTags.Plugin::get_Id()
DA:39,2
FN:43,Jellyfin.Plugin.AutoParentalTags.Plugin Jellyfin.Plugin.AutoParentalTags.Plugin::get_Instance()
FNDA:65,Jellyfin.Plugin.AutoParentalTags.Plugin Jellyfin.Plugin.AutoParentalTags.Plugin::get_Instance()
DA:44,65
FN:47,System.Collections.Generic.IEnumerable`1<MediaBrowser.Model.Plugins.PluginPageInfo> Jellyfin.Plugin.AutoParentalTags.Plugin::GetPages()
FNDA:1,System.Collections.Generic.IEnumerable`1<MediaBrowser.Model.Plugins.PluginPageInfo> Jellyfin.Plugin.AutoParentalTags.Plugin::GetPages()
DA:48,1
DA:49,1
DA:50,1
DA:51,1
DA:52,1
DA:53,1
DA:54,1
DA:55,1
DA:56,1
DA:57,1
FN:26,System.Void Jellyfin.Plugin.AutoParentalTags.Plugin::.ctor(MediaBrowser.Common.Configuration.IApplicationPaths,MediaBrowser.Model.Serialization.IXmlSerializer,Microsoft.Extensions.Logging.ILogger`1<Jellyfin.Plugin.AutoParentalTags.Plugin>)
FNDA:13,System.Void Jellyfin.Plugin.AutoParentalTags.Plugin::.ctor(MediaBrowser.Common.Configuration.IApplicationPaths,MediaBrowser.Model.Serialization.IXmlSerializer,Microsoft.Extensions.Logging.ILogger`1<Jellyfin.Plugin.AutoParentalTags.Plugin>)
DA:27,13
DA:28,13
DA:29,13
DA:30,13
DA:32,13
DA:33,13
LF:19
LH:19
BRF:0
BRH:0
FNF:5
FNH:5
end_of_record
SF:/home/benklop/repos/auto-parental-tags/Jellyfin.Plugin.AutoParentalTags/ServiceRegistrator.cs
FN:15,System.Void Jellyfin.Plugin.AutoParentalTags.ServiceRegistrator::RegisterServices(Microsoft.Extensions.DependencyInjection.IServiceCollection,MediaBrowser.Controller.IServerApplicationHost)
FNDA:3,System.Void Jellyfin.Plugin.AutoParentalTags.ServiceRegistrator::RegisterServices(Microsoft.Extensions.DependencyInjection.IServiceCollection,MediaBrowser.Controller.IServerApplicationHost)
DA:16,3
DA:19,3
DA:20,3
DA:21,3
DA:22,3
LF:5
LH:5
BRF:0
BRH:0
FNF:1
FNH:1
end_of_record
SF:/home/benklop/repos/auto-parental-tags/Jellyfin.Plugin.AutoParentalTags/Services/AiServiceFactory.cs
FN:28,Jellyfin.Plugin.AutoParentalTags.Services.IAiService Jellyfin.Plugin.AutoParentalTags.Services.AiServiceFactory::CreateService(Jellyfin.Plugin.AutoParentalTags.Configuration.PluginConfiguration)
FNDA:4,Jellyfin.Plugin.AutoParentalTags.Services.IAiService Jellyfin.Plugin.AutoParentalTags.Services.AiServiceFactory::CreateService(Jellyfin.Plugin.AutoParentalTags.Configuration.PluginConfiguration)
DA:29,4
DA:30,4
DA:31,4
DA:32,1
DA:33,1
DA:34,1
DA:35,1
DA:36,4
DA:39,3
DA:41,3
DA:42,1
DA:43,1
DA:44,1
DA:45,2
DA:46,1
DA:48,1
DA:49,1
DA:52,3
DA:54,3
DA:55,3
BRDA:30,13,1,1
BRDA:30,13,2,1
BRDA:30,13,3,1
BRDA:30,13,0,1
BRDA:41,174,0,1
BRDA:41,174,1,2
BRDA:45,206,0,1
BRDA:45,206,1,3
FN:17,System.Void Jellyfin.Plugin.AutoParentalTags.Services.AiServiceFactory::.ctor(Microsoft.Extensions.Logging.ILoggerFactory)
FNDA:33,System.Void Jellyfin.Plugin.AutoParentalTags.Services.AiServiceFactory::.ctor(Microsoft.Extensions.Logging.ILoggerFactory)
DA:18,33
DA:19,33
DA:20,33
DA:21,33
LF:24
LH:24
BRF:8
BRH:8
FNF:2
FNH:2
end_of_record
SF:/home/benklop/repos/auto-parental-tags/Jellyfin.Plugin.AutoParentalTags/Services/GeminiService.cs
FN:80,System.String Jellyfin.Plugin.AutoParentalTags.Services.GeminiService::SanitizeForLog(System.String)
FNDA:42,System.String Jellyfin.Plugin.AutoParentalTags.Services.GeminiService::SanitizeForLog(System.String)
DA:81,42
DA:82,42
DA:83,0
DA:84,0
DA:87,42
DA:88,42
DA:89,42
DA:90,42
DA:91,42
BRDA:82,9,0,0
BRDA:82,9,1,42
FN:98,System.String Jellyfin.Plugin.AutoParentalTags.Services.GeminiService::NormalizeMediaType(System.String)
FNDA:19,System.String Jellyfin.Plugin.AutoParentalTags.Services.GeminiService::NormalizeMediaType(System.String)
DA:99,19
DA:100,19
DA:101,19
DA:102,19
DA:103,19
DA:104,19
DA:105,19
DA:106,19
DA:107,19
DA:108,19
DA:109,19
DA:110,19
DA:111,19
DA:112,2
DA:113,2
DA:116,17
DA:117,19
BRDA:100,13,0,17
BRDA:100,27,0,17
BRDA:100,13,1,2
BRDA:100,27,1,2
BRDA:100,46,0,2
BRDA:100,46,1,17
FN:120,System.Void Jellyfin.Plugin.AutoParentalTags.Services.GeminiService::SetApiKey(System.String)
FNDA:26,System.Void Jellyfin.Plugin.AutoParentalTags.Services.GeminiService::SetApiKey(System.String)
DA:121,26
DA:122,26
DA:124,26
DA:125,0
DA:126,0
DA:127,0
DA:128,0
DA:130,26
DA:131,26
DA:132,26
DA:133,26
DA:134,26
BRDA:124,16,0,0
BRDA:124,16,1,26
FN:137,System.Void Jellyfin.Plugin.AutoParentalTags.Services.GeminiService::SetEndpoint(System.String)
FNDA:2,System.Void Jellyfin.Plugin.AutoParentalTags.Services.GeminiService::SetEndpoint(System.String)
DA:138,2
DA:140,2
FN:143,System.Void Jellyfin.Plugin.AutoParentalTags.Services.GeminiService::SetModelName(System.String)
FNDA:8,System.Void Jellyfin.Plugin.AutoParentalTags.Services.GeminiService::SetModelName(System.String)
DA:144,8
DA:145,8
DA:146,5
DA:147,5
DA:150,3
DA:152,3
DA:153,3
DA:154,3
DA:155,8
BRDA:145,9,0,5
BRDA:145,9,1,3
FN:372,System.String Jellyfin.Plugin.AutoParentalTags.Services.GeminiService::BuildPrompt(System.String,System.String,System.Nullable`1<System.Int32>,System.String,System.String,System.String[])
FNDA:19,System.String Jellyfin.Plugin.AutoParentalTags.Services.GeminiService::BuildPrompt(System.String,System.String,System.Nullable`1<System.Int32>,System.String,System.String,System.String[])
DA:373,19
DA:374,19
DA:375,19
DA:376,19
DA:377,19
DA:378,19
DA:379,19
DA:381,19
DA:382,19
DA:383,19
DA:384,19
DA:385,19
DA:386,19
DA:387,19
DA:388,19
DA:389,19
DA:391,19
DA:392,19
DA:393,19
DA:394,19
DA:395,19
DA:396,19
DA:397,19
DA:398,19
DA:399,19
DA:400,19
DA:401,19
DA:402,19
DA:403,19
DA:404,19
DA:405,19
DA:406,19
DA:407,19
DA:408,19
DA:409,19
DA:410,19
DA:411,19
DA:412,19
DA:413,19
DA:414,19
DA:415,19
DA:416,19
DA:417,19
DA:418,19
DA:419,19
DA:420,19
DA:421,19
DA:422,19
DA:423,19
DA:424,19
BRDA:374,13,0,17
BRDA:374,13,1,2
BRDA:381,40,0,17
BRDA:381,40,1,2
BRDA:391,178,0,1
BRDA:391,178,1,18
BRDA:391,204,0,1
BRDA:391,204,1,19
BRDA:391,236,0,1
BRDA:391,236,1,19
BRDA:391,267,0,5
BRDA:391,267,1,14
BRDA:391,272,0,14
BRDA:391,272,1,5
BRDA:391,316,0,1
BRDA:391,316,1,19
FN:431,System.String Jellyfin.Plugin.AutoParentalTags.Services.GeminiService::ParseAudienceTag(System.String)
FNDA:12,System.String Jellyfin.Plugin.AutoParentalTags.Services.GeminiService::ParseAudienceTag(System.String)
DA:432,12
DA:433,12
DA:434,12
DA:435,12
DA:437,12
DA:438,7
DA:439,7
DA:442,5
DA:443,5
DA:444,5
DA:446,5
DA:447,5
DA:448,5
DA:449,5
DA:450,5
DA:451,5
DA:452,5
DA:453,5
DA:454,5
DA:455,2
DA:456,2
DA:459,3
DA:460,3
DA:461,3
DA:462,3
DA:463,3
DA:464,3
DA:465,3
DA:466,3
DA:467,3
DA:468,3
DA:469,3
DA:470,3
DA:471,1
DA:472,1
DA:475,2
DA:476,2
DA:477,2
DA:478,2
DA:479,2
DA:480,2
DA:481,2
DA:482,2
DA:483,2
DA:484,1
DA:485,1
DA:488,1
DA:489,12
BRDA:437,31,0,7
BRDA:437,31,1,5
BRDA:446,70,0,4
BRDA:446,88,0,3
BRDA:446,70,1,2
BRDA:446,88,1,2
BRDA:446,113,0,2
BRDA:446,113,1,3
BRDA:459,143,0,3
BRDA:459,161,0,3
BRDA:459,179,0,2
BRDA:459,143,1,1
BRDA:459,161,1,1
BRDA:459,179,1,1
BRDA:459,204,0,1
BRDA:459,204,1,2
BRDA:475,231,0,2
BRDA:475,249,0,2
BRDA:475,231,1,0
BRDA:475,249,1,0
BRDA:475,274,0,1
BRDA:475,274,1,1
FN:611,System.Void Jellyfin.Plugin.AutoParentalTags.Services.GeminiService::Dispose()
FNDA:39,System.Void Jellyfin.Plugin.AutoParentalTags.Services.GeminiService::Dispose()
DA:612,39
DA:613,39
DA:614,39
DA:615,39
FN:623,System.Void Jellyfin.Plugin.AutoParentalTags.Services.GeminiService::Dispose(System.Boolean)
FNDA:39,System.Void Jellyfin.Plugin.AutoParentalTags.Services.GeminiService::Dispose(System.Boolean)
DA:624,39
DA:625,39
DA:626,39
DA:627,39
DA:628,39
DA:629,39
BRDA:625,4,0,39
BRDA:625,4,1,39
FN:49,System.Void Jellyfin.Plugin.AutoParentalTags.Services.GeminiService::.ctor(Microsoft.Extensions.Logging.ILogger`1<Jellyfin.Plugin.AutoParentalTags.Services.GeminiService>,System.Net.Http.HttpMessageHandler)
FNDA:39,System.Void Jellyfin.Plugin.AutoParentalTags.Services.GeminiService::.ctor(Microsoft.Extensions.Logging.ILogger`1<Jellyfin.Plugin.AutoParentalTags.Services.GeminiService>,System.Net.Http.HttpMessageHandler)
DA:50,39
DA:65,39
DA:66,39
DA:67,39
DA:68,39
DA:69,39
DA:70,39
DA:71,39
DA:72,39
DA:73,39
BRDA:70,28,0,25
BRDA:70,28,1,14
FN:17,System.Void Jellyfin.Plugin.AutoParentalTags.Services.GeminiService::.cctor()
FNDA:1,System.Void Jellyfin.Plugin.AutoParentalTags.Services.GeminiService::.cctor()
DA:18,1
DA:19,1
DA:20,1
DA:21,1
DA:22,1
DA:23,1
DA:24,1
DA:26,1
DA:27,1
DA:28,1
DA:29,1
DA:30,1
DA:31,1
DA:32,1
DA:33,1
DA:34,1
DA:35,1
DA:36,1
DA:37,1
DA:38,1
DA:39,1
DA:40,1
DA:41,1
DA:42,1
DA:43,1
DA:44,1
FN:546,System.Boolean Jellyfin.Plugin.AutoParentalTags.Services.GeminiService/<>c::<GetAvailableModelsAsync>b__15_0(System.Text.Json.JsonElement)
FNDA:3,System.Boolean Jellyfin.Plugin.AutoParentalTags.Services.GeminiService/<>c::<GetAvailableModelsAsync>b__15_0(System.Text.Json.JsonElement)
DA:547,3
DA:548,3
DA:549,3
DA:550,3
DA:551,3
DA:552,3
DA:553,3
DA:554,3
DA:555,3
DA:556,3
DA:557,3
DA:558,3
DA:559,3
DA:560,6
DA:561,6
DA:562,6
DA:563,6
BRDA:547,14,0,3
BRDA:547,28,0,3
BRDA:547,44,0,3
BRDA:547,54,0,3
BRDA:547,14,1,0
BRDA:547,28,1,0
BRDA:547,44,1,0
BRDA:547,54,1,0
FN:565,System.String Jellyfin.Plugin.AutoParentalTags.Services.GeminiService/<>c::<GetAvailableModelsAsync>b__15_1(System.Text.Json.JsonElement)
FNDA:2,System.String Jellyfin.Plugin.AutoParentalTags.Services.GeminiService/<>c::<GetAvailableModelsAsync>b__15_1(System.Text.Json.JsonElement)
DA:566,2
DA:567,2
DA:568,2
DA:573,2
DA:574,2
DA:575,2
DA:576,2
DA:577,2
DA:578,2
BRDA:573,34,0,0
BRDA:573,34,1,2
FN:580,System.Boolean Jellyfin.Plugin.AutoParentalTags.Services.GeminiService/<>c::<GetAvailableModelsAsync>b__15_2(System.String)
FNDA:2,System.Boolean Jellyfin.Plugin.AutoParentalTags.Services.GeminiService/<>c::<GetAvailableModelsAsync>b__15_2(System.String)
DA:581,2
DA:582,2
DA:583,2
DA:584,2
DA:585,2
DA:586,2
BRDA:581,12,0,2
BRDA:581,12,1,0
FN:588,System.String Jellyfin.Plugin.AutoParentalTags.Services.GeminiService/<>c::<GetAvailableModelsAsync>b__15_3(System.String)
FNDA:0,System.String Jellyfin.Plugin.AutoParentalTags.Services.GeminiService/<>c::<GetAvailableModelsAsync>b__15_3(System.String)
DA:589,0
FN:164,System.Void Jellyfin.Plugin.AutoParentalTags.Services.GeminiService/<DetermineTargetAudienceAsync>d__12::MoveNext()
FNDA:20,System.Void Jellyfin.Plugin.AutoParentalTags.Services.GeminiService/<DetermineTargetAudienceAsync>d__12::MoveNext()
DA:165,20
DA:166,20
DA:167,1
DA:168,1
DA:169,1
DA:171,1
DA:174,19
DA:175,19
DA:178,19
DA:179,19
DA:180,19
DA:181,19
DA:182,19
DA:183,19
DA:184,19
DA:185,19
DA:187,19
DA:188,19
DA:189,19
DA:190,19
DA:191,19
DA:193,19
DA:194,19
DA:195,19
DA:196,19
DA:197,19
DA:198,19
DA:199,19
DA:200,19
DA:201,19
DA:202,19
DA:203,19
DA:204,19
DA:205,19
DA:206,19
DA:207,19
DA:208,19
DA:209,19
DA:210,19
DA:211,19
DA:212,19
DA:213,19
DA:214,19
DA:216,19
DA:217,19
DA:219,19
DA:220,19
DA:221,19
DA:222,19
DA:224,19
DA:225,19
DA:227,19
DA:228,19
DA:230,19
DA:231,19
DA:233,19
DA:234,19
DA:235,19
DA:236,19
DA:238,19
DA:239,19
DA:240,19
DA:241,19
DA:243,19
DA:244,1
DA:245,1
DA:246,1
DA:247,1
DA:248,1
DA:249,1
DA:250,1
DA:252,1
DA:255,18
DA:256,18
DA:258,16
DA:259,16
DA:260,16
DA:261,16
DA:262,16
DA:263,2
DA:264,2
DA:265,2
DA:266,2
DA:267,2
DA:269,2
DA:272,14
DA:273,14
DA:275,14
DA:276,14
DA:277,14
DA:278,14
DA:279,14
DA:280,14
DA:281,14
DA:282,14
DA:283,2
DA:284,2
DA:285,2
DA:286,2
DA:287,2
DA:289,2
DA:292,12
DA:293,12
DA:295,12
DA:296,12
DA:297,12
DA:298,0
DA:299,0
DA:300,0
DA:301,0
DA:302,0
DA:304,0
DA:307,12
DA:308,12
DA:310,12
DA:311,0
DA:312,0
DA:313,0
DA:314,0
DA:315,0
DA:317,0
DA:320,12
DA:321,12
DA:323,12
DA:324,1
DA:325,1
DA:326,1
DA:327,1
DA:328,1
DA:329,1
DA:331,1
DA:334,11
DA:335,11
DA:336,11
DA:337,11
DA:338,11
DA:339,11
DA:341,11
DA:343,2
DA:344,2
DA:345,2
DA:346,2
DA:347,2
DA:348,2
DA:349,2
DA:350,2
DA:352,2
DA:354,20
BRDA:166,34,0,1
BRDA:166,34,1,19
BRDA:243,747,0,1
BRDA:243,747,1,18
BRDA:258,894,0,15
BRDA:258,908,0,15
BRDA:258,894,1,1
BRDA:258,908,1,1
BRDA:258,931,0,2
BRDA:258,931,1,14
BRDA:275,1032,0,14
BRDA:275,1056,0,13
BRDA:275,1070,0,13
BRDA:275,1032,1,1
BRDA:275,1056,1,1
BRDA:275,1070,1,1
BRDA:275,1093,0,2
BRDA:275,1093,1,12
BRDA:295,1201,0,0
BRDA:295,1201,1,12
BRDA:310,1294,0,0
BRDA:310,1294,1,12
BRDA:323,1385,0,1
BRDA:323,1385,1,11
FN:492,System.Void Jellyfin.Plugin.AutoParentalTags.Services.GeminiService/<GetAvailableModelsAsync>d__15::MoveNext()
FNDA:6,System.Void Jellyfin.Plugin.AutoParentalTags.Services.GeminiService/<GetAvailableModelsAsync>d__15::MoveNext()
DA:493,6
DA:494,6
DA:495,1
DA:496,1
DA:497,1
DA:499,1
DA:503,5
DA:504,5
DA:505,5
DA:506,5
DA:508,5
DA:509,5
DA:510,5
DA:512,5
DA:513,5
DA:514,5
DA:515,5
DA:517,5
DA:518,5
DA:519,5
DA:520,5
DA:522,5
DA:523,2
DA:524,2
DA:525,2
DA:526,2
DA:527,2
DA:529,2
DA:532,3
DA:533,3
DA:535,2
DA:536,2
DA:537,2
DA:538,2
DA:539,1
DA:540,1
DA:543,1
DA:544,1
DA:545,1
DA:546,1
DA:564,1
DA:565,1
DA:569,1
DA:570,1
DA:571,1
DA:572,1
DA:579,1
DA:580,1
DA:587,1
DA:588,1
DA:590,1
DA:591,1
DA:593,1
DA:594,1
DA:595,1
DA:597,1
DA:599,1
DA:600,1
DA:601,1
DA:602,1
DA:603,1
DA:604,1
DA:606,1
DA:608,6
BRDA:494,34,0,1
BRDA:494,34,1,5
BRDA:522,476,0,2
BRDA:522,476,1,3
BRDA:535,604,0,1
BRDA:535,604,1,1
BRDA:535,630,0,1
BRDA:535,630,1,1
LF:438
LH:419
BRF:98
BRH:86
FNF:17
FNH:16
end_of_record
SF:/home/benklop/repos/auto-parental-tags/Jellyfin.Plugin.AutoParentalTags/Services/OpenAiService.cs
FN:83,System.String Jellyfin.Plugin.AutoParentalTags.Services.OpenAiService::SanitizeForLog(System.String)
FNDA:68,System.String Jellyfin.Plugin.AutoParentalTags.Services.OpenAiService::SanitizeForLog(System.String)
DA:84,68
DA:85,68
DA:86,0
DA:87,0
DA:90,68
DA:91,68
DA:92,68
DA:93,68
DA:94,68
BRDA:85,9,0,0
BRDA:85,9,1,68
FN:101,System.String Jellyfin.Plugin.AutoParentalTags.Services.OpenAiService::NormalizeMediaType(System.String)
FNDA:17,System.String Jellyfin.Plugin.AutoParentalTags.Services.OpenAiService::NormalizeMediaType(System.String)
DA:102,17
DA:103,17
DA:104,17
DA:105,17
DA:106,17
DA:107,17
DA:108,17
DA:109,17
DA:110,17
DA:111,17
DA:112,17
DA:113,17
DA:114,17
DA:115,2
DA:116,2
DA:119,15
DA:120,17
BRDA:103,13,0,15
BRDA:103,27,0,15
BRDA:103,13,1,2
BRDA:103,27,1,2
BRDA:103,46,0,2
BRDA:103,46,1,15
FN:123,System.Void Jellyfin.Plugin.AutoParentalTags.Services.OpenAiService::SetApiKey(System.String)
FNDA:25,System.Void Jellyfin.Plugin.AutoParentalTags.Services.OpenAiService::SetApiKey(System.String)
DA:124,25
DA:125,25
DA:127,25
DA:128,0
DA:129,0
DA:130,0
DA:131,0
DA:133,25
DA:134,25
DA:135,25
DA:136,25
DA:137,25
BRDA:127,16,0,0
BRDA:127,16,1,25
FN:140,System.Void Jellyfin.Plugin.AutoParentalTags.Services.OpenAiService::SetEndpoint(System.String)
FNDA:15,System.Void Jellyfin.Plugin.AutoParentalTags.Services.OpenAiService::SetEndpoint(System.String)
DA:141,15
DA:142,15
DA:143,3
DA:144,3
DA:151,12
DA:152,12
DA:153,12
DA:155,12
DA:156,12
DA:157,12
DA:158,12
DA:159,12
DA:160,12
DA:161,1
DA:163,1
DA:164,11
DA:165,11
DA:166,11
DA:167,0
DA:168,0
DA:169,0
DA:171,11
DA:172,11
DA:173,11
DA:175,12
DA:176,12
DA:177,12
DA:178,15
BRDA:142,9,0,3
BRDA:142,9,1,12
BRDA:155,53,0,11
BRDA:155,53,1,1
BRDA:155,77,0,1
BRDA:155,77,1,11
BRDA:164,102,0,0
BRDA:164,102,1,11
FN:181,System.Void Jellyfin.Plugin.AutoParentalTags.Services.OpenAiService::SetModelName(System.String)
FNDA:24,System.Void Jellyfin.Plugin.AutoParentalTags.Services.OpenAiService::SetModelName(System.String)
DA:182,24
DA:183,24
DA:184,3
DA:185,3
DA:188,21
DA:190,21
DA:191,21
DA:192,21
DA:193,24
BRDA:183,9,0,3
BRDA:183,9,1,21
FN:395,System.String Jellyfin.Plugin.AutoParentalTags.Services.OpenAiService::BuildPrompt(System.String,System.String,System.Nullable`1<System.Int32>,System.String,System.String,System.String[])
FNDA:17,System.String Jellyfin.Plugin.AutoParentalTags.Services.OpenAiService::BuildPrompt(System.String,System.String,System.Nullable`1<System.Int32>,System.String,System.String,System.String[])
DA:396,17
DA:397,17
DA:398,17
DA:399,17
DA:400,17
DA:401,17
DA:402,17
DA:404,17
DA:405,17
DA:406,17
DA:407,17
DA:408,17
DA:409,17
DA:410,17
DA:411,17
DA:412,17
DA:414,17
DA:415,17
DA:416,17
DA:417,17
DA:418,17
DA:419,17
DA:420,17
DA:421,17
DA:422,17
DA:423,17
DA:424,17
DA:425,17
DA:426,17
DA:427,17
DA:428,17
DA:429,17
DA:430,17
DA:431,17
DA:432,17
DA:433,17
DA:434,17
DA:435,17
DA:436,17
DA:437,17
DA:438,17
DA:439,17
DA:440,17
DA:441,17
DA:442,17
DA:443,17
DA:444,17
DA:445,17
DA:446,17
DA:447,17
BRDA:397,13,0,15
BRDA:397,13,1,2
BRDA:404,40,0,15
BRDA:404,40,1,2
BRDA:414,178,0,1
BRDA:414,178,1,16
BRDA:414,204,0,1
BRDA:414,204,1,17
BRDA:414,236,0,1
BRDA:414,236,1,17
BRDA:414,267,0,5
BRDA:414,267,1,12
BRDA:414,272,0,12
BRDA:414,272,1,5
BRDA:414,316,0,1
BRDA:414,316,1,17
FN:454,System.String Jellyfin.Plugin.AutoParentalTags.Services.OpenAiService::ParseAudienceTag(System.String)
FNDA:11,System.String Jellyfin.Plugin.AutoParentalTags.Services.OpenAiService::ParseAudienceTag(System.String)
DA:455,11
DA:456,11
DA:457,11
DA:458,11
DA:460,11
DA:461,7
DA:462,7
DA:465,4
DA:466,4
DA:467,4
DA:469,4
DA:470,4
DA:471,4
DA:472,4
DA:473,4
DA:474,4
DA:475,4
DA:476,4
DA:477,4
DA:478,1
DA:479,1
DA:482,3
DA:483,3
DA:484,3
DA:485,3
DA:486,3
DA:487,3
DA:488,3
DA:489,3
DA:490,3
DA:491,3
DA:492,3
DA:493,3
DA:494,1
DA:495,1
DA:498,2
DA:499,2
DA:500,2
DA:501,2
DA:502,2
DA:503,2
DA:504,2
DA:505,2
DA:506,2
DA:507,1
DA:508,1
DA:511,1
DA:512,11
BRDA:460,31,0,7
BRDA:460,31,1,4
BRDA:469,70,0,4
BRDA:469,88,0,3
BRDA:469,70,1,1
BRDA:469,88,1,1
BRDA:469,113,0,1
BRDA:469,113,1,3
BRDA:482,143,0,3
BRDA:482,161,0,3
BRDA:482,179,0,2
BRDA:482,143,1,1
BRDA:482,161,1,1
BRDA:482,179,1,1
BRDA:482,204,0,1
BRDA:482,204,1,2
BRDA:498,231,0,2
BRDA:498,249,0,1
BRDA:498,231,1,1
BRDA:498,249,1,1
BRDA:498,274,0,1
BRDA:498,274,1,1
FN:604,System.Void Jellyfin.Plugin.AutoParentalTags.Services.OpenAiService::Dispose()
FNDA:41,System.Void Jellyfin.Plugin.AutoParentalTags.Services.OpenAiService::Dispose()
DA:605,41
DA:606,41
DA:607,41
DA:608,41
FN:616,System.Void Jellyfin.Plugin.AutoParentalTags.Services.OpenAiService::Dispose(System.Boolean)
FNDA:41,System.Void Jellyfin.Plugin.AutoParentalTags.Services.OpenAiService::Dispose(System.Boolean)
DA:617,41
DA:618,41
DA:619,41
DA:620,41
DA:621,41
DA:622,41
BRDA:618,4,0,41
BRDA:618,4,1,41
FN:49,System.Void Jellyfin.Plugin.AutoParentalTags.Services.OpenAiService::.ctor(Microsoft.Extensions.Logging.ILogger`1<Jellyfin.Plugin.AutoParentalTags.Services.OpenAiService>,System.Net.Http.HttpMessageHandler)
FNDA:41,System.Void Jellyfin.Plugin.AutoParentalTags.Services.OpenAiService::.ctor(Microsoft.Extensions.Logging.ILogger`1<Jellyfin.Plugin.AutoParentalTags.Services.OpenAiService>,System.Net.Http.HttpMessageHandler)
DA:50,41
DA:51,41
DA:53,41
DA:68,41
DA:69,41
DA:70,41
DA:71,41
DA:72,41
DA:73,41
DA:74,41
DA:75,41
DA:76,41
BRDA:73,39,0,23
BRDA:73,39,1,18
FN:17,System.Void Jellyfin.Plugin.AutoParentalTags.Services.OpenAiService::.cctor()
FNDA:1,System.Void Jellyfin.Plugin.AutoParentalTags.Services.OpenAiService::.cctor()
DA:18,1
DA:19,1
DA:20,1
DA:21,1
DA:22,1
DA:23,1
DA:24,1
DA:26,1
DA:27,1
DA:28,1
DA:29,1
DA:30,1
DA:31,1
DA:32,1
DA:33,1
DA:34,1
DA:35,1
DA:36,1
DA:37,1
DA:38,1
DA:39,1
DA:40,1
DA:41,1
DA:42,1
DA:43,1
DA:44,1
FN:571,System.Boolean Jellyfin.Plugin.AutoParentalTags.Services.OpenAiService/<>c::<GetAvailableModelsAsync>b__16_0(System.Text.Json.JsonElement)
FNDA:4,System.Boolean Jellyfin.Plugin.AutoParentalTags.Services.OpenAiService/<>c::<GetAvailableModelsAsync>b__16_0(System.Text.Json.JsonElement)
DA:572,4
DA:573,4
DA:574,4
DA:575,4
DA:576,4
BRDA:572,14,0,4
BRDA:572,14,1,0
FN:578,System.String Jellyfin.Plugin.AutoParentalTags.Services.OpenAiService/<>c::<GetAvailableModelsAsync>b__16_1(System.Text.Json.JsonElement)
FNDA:4,System.String Jellyfin.Plugin.AutoParentalTags.Services.OpenAiService/<>c::<GetAvailableModelsAsync>b__16_1(System.Text.Json.JsonElement)
DA:579,4
FN:581,System.String Jellyfin.Plugin.AutoParentalTags.Services.OpenAiService/<>c::<GetAvailableModelsAsync>b__16_2(System.String)
FNDA:4,System.String Jellyfin.Plugin.AutoParentalTags.Services.OpenAiService/<>c::<GetAvailableModelsAsync>b__16_2(System.String)
DA:582,4
FN:202,System.Void Jellyfin.Plugin.AutoParentalTags.Services.OpenAiService/<DetermineTargetAudienceAsync>d__13::MoveNext()
FNDA:17,System.Void Jellyfin.Plugin.AutoParentalTags.Services.OpenAiService/<DetermineTargetAudienceAsync>d__13::MoveNext()
DA:203,17
DA:204,17
DA:205,17
DA:208,17
DA:209,17
DA:210,17
DA:211,17
DA:212,17
DA:213,17
DA:214,17
DA:215,17
DA:217,17
DA:218,17
DA:219,17
DA:220,17
DA:221,17
DA:223,17
DA:224,17
DA:225,17
DA:226,17
DA:227,17
DA:228,17
DA:229,17
DA:230,17
DA:231,17
DA:232,17
DA:233,17
DA:234,17
DA:235,17
DA:236,17
DA:237,17
DA:238,17
DA:239,17
DA:240,17
DA:241,17
DA:242,17
DA:243,17
DA:244,17
DA:245,17
DA:246,17
DA:247,17
DA:248,17
DA:249,17
DA:251,17
DA:252,17
DA:254,17
DA:255,17
DA:256,17
DA:257,17
DA:259,17
DA:260,17
DA:261,17
DA:262,17
DA:263,17
DA:264,17
DA:266,17
DA:267,17
DA:268,17
DA:269,17
DA:270,17
DA:271,17
DA:272,17
DA:274,17
DA:275,17
DA:276,17
DA:277,17
DA:279,17
DA:280,17
DA:281,17
DA:282,17
DA:284,17
DA:285,1
DA:286,1
DA:287,1
DA:288,1
DA:289,1
DA:290,1
DA:291,1
DA:293,1
DA:296,16
DA:297,16
DA:299,15
DA:300,15
DA:301,15
DA:302,15
DA:303,15
DA:304,2
DA:305,2
DA:306,2
DA:307,2
DA:308,2
DA:310,2
DA:313,13
DA:315,13
DA:316,13
DA:317,13
DA:318,13
DA:319,13
DA:320,13
DA:321,1
DA:322,1
DA:323,1
DA:324,1
DA:325,1
DA:327,1
DA:330,12
DA:331,12
DA:333,12
DA:334,1
DA:335,1
DA:336,1
DA:337,1
DA:338,1
DA:340,1
DA:343,11
DA:344,11
DA:346,11
DA:347,1
DA:348,1
DA:349,1
DA:350,1
DA:351,1
DA:352,1
DA:354,1
DA:357,10
DA:358,10
DA:359,10
DA:360,10
DA:361,10
DA:362,10
DA:364,10
DA:366,1
DA:367,1
DA:368,1
DA:369,1
DA:370,1
DA:371,1
DA:372,1
DA:373,1
DA:375,1
DA:377,17
BRDA:266,398,0,17
BRDA:266,398,1,17
BRDA:284,758,0,1
BRDA:284,758,1,16
BRDA:299,905,0,14
BRDA:299,919,0,14
BRDA:299,905,1,1
BRDA:299,919,1,1
BRDA:299,942,0,2
BRDA:299,942,1,13
BRDA:315,1043,0,13
BRDA:315,1043,1,0
BRDA:315,1077,0,1
BRDA:315,1077,1,12
BRDA:333,1170,0,1
BRDA:333,1170,1,11
BRDA:346,1261,0,1
BRDA:346,1261,1,10
FN:515,System.Void Jellyfin.Plugin.AutoParentalTags.Services.OpenAiService/<GetAvailableModelsAsync>d__16::MoveNext()
FNDA:5,System.Void Jellyfin.Plugin.AutoParentalTags.Services.OpenAiService/<GetAvailableModelsAsync>d__16::MoveNext()
DA:516,5
DA:518,5
DA:519,5
DA:520,5
DA:521,5
DA:522,5
DA:524,5
DA:525,5
DA:526,5
DA:527,5
DA:529,5
DA:530,5
DA:531,5
DA:532,5
DA:533,5
DA:534,5
DA:535,5
DA:537,5
DA:538,5
DA:539,5
DA:540,5
DA:542,5
DA:543,5
DA:544,5
DA:545,5
DA:547,5
DA:548,1
DA:549,1
DA:550,1
DA:551,1
DA:552,1
DA:554,1
DA:557,4
DA:558,4
DA:560,3
DA:561,3
DA:562,3
DA:563,3
DA:564,1
DA:565,1
DA:568,2
DA:569,2
DA:570,2
DA:571,2
DA:577,2
DA:578,2
DA:580,2
DA:581,2
DA:583,2
DA:584,2
DA:586,2
DA:587,2
DA:588,2
DA:590,2
DA:592,1
DA:593,1
DA:594,1
DA:595,1
DA:596,1
DA:597,1
DA:599,1
DA:601,5
BRDA:529,124,0,5
BRDA:529,124,1,5
BRDA:547,484,0,1
BRDA:547,484,1,4
BRDA:560,612,0,2
BRDA:560,612,1,1
BRDA:560,638,0,1
BRDA:560,638,1,2
LF:431
LH:422
BRF:90
BRH:85
FNF:16
FNH:16
end_of_record
SF:/home/benklop/repos/auto-parental-tags/Jellyfin.Plugin.AutoParentalTags/Configuration/PluginConfiguration.cs
FN:70,Jellyfin.Plugin.AutoParentalTags.Configuration.AiProvider Jellyfin.Plugin.AutoParentalTags.Configuration.PluginConfiguration::get_Provider()
FNDA:58,Jellyfin.Plugin.AutoParentalTags.Configuration.AiProvider Jellyfin.Plugin.AutoParentalTags.Configuration.PluginConfiguration::get_Provider()
DA:71,58
FN:75,System.String Jellyfin.Plugin.AutoParentalTags.Configuration.PluginConfiguration::get_ApiKey()
FNDA:57,System.String Jellyfin.Plugin.AutoParentalTags.Configuration.PluginConfiguration::get_ApiKey()
DA:76,57
FN:80,System.String Jellyfin.Plugin.AutoParentalTags.Configuration.PluginConfiguration::get_ApiEndpoint()
FNDA:41,System.String Jellyfin.Plugin.AutoParentalTags.Configuration.PluginConfiguration::get_ApiEndpoint()
DA:81,41
FN:85,System.String Jellyfin.Plugin.AutoParentalTags.Configuration.PluginConfiguration::get_ModelName()
FNDA:38,System.String Jellyfin.Plugin.AutoParentalTags.Configuration.PluginConfiguration::get_ModelName()
DA:86,38
FN:90,System.Boolean Jellyfin.Plugin.AutoParentalTags.Configuration.PluginConfiguration::get_EnableAutoTagging()
FNDA:50,System.Boolean Jellyfin.Plugin.AutoParentalTags.Configuration.PluginConfiguration::get_EnableAutoTagging()
DA:91,50
FN:95,System.Boolean Jellyfin.Plugin.AutoParentalTags.Configuration.PluginConfiguration::get_ProcessOnLibraryScan()
FNDA:47,System.Boolean Jellyfin.Plugin.AutoParentalTags.Configuration.PluginConfiguration::get_ProcessOnLibraryScan()
DA:96,47
FN:100,System.Boolean Jellyfin.Plugin.AutoParentalTags.Configuration.PluginConfiguration::get_OverwriteExistingTags()
FNDA:40,System.Boolean Jellyfin.Plugin.AutoParentalTags.Configuration.PluginConfiguration::get_OverwriteExistingTags()
DA:101,40
FN:105,Jellyfin.Plugin.AutoParentalTags.Configuration.MediaScanMode Jellyfin.Plugin.AutoParentalTags.Configuration.PluginConfiguration::get_ScanMode()
FNDA:34,Jellyfin.Plugin.AutoParentalTags.Configuration.MediaScanMode Jellyfin.Plugin.AutoParentalTags.Configuration.PluginConfiguration::get_ScanMode()
DA:106,34
FN:111,System.Boolean Jellyfin.Plugin.AutoParentalTags.Configuration.PluginConfiguration::get_SkipPreviouslyTagged()
FNDA:33,System.Boolean Jellyfin.Plugin.AutoParentalTags.Configuration.PluginConfiguration::get_SkipPreviouslyTagged()
DA:112,33
FN:54,System.Void Jellyfin.Plugin.AutoParentalTags.Configuration.PluginConfiguration::.ctor()
FNDA:30,System.Void Jellyfin.Plugin.AutoParentalTags.Configuration.PluginConfiguration::.ctor()
DA:55,30
DA:56,30
DA:57,30
DA:58,30
DA:59,30
DA:60,30
DA:61,30
DA:62,30
DA:63,30
DA:64,30
DA:65,30
DA:66,30
LF:21
LH:21
BRF:0
BRH:0
FNF:10
FNH:10
end_of_record
SF:/home/benklop/repos/auto-parental-tags/Jellyfin.Plugin.AutoParentalTags/Api/ModelsController.cs
FN:26,System.Void Jellyfin.Plugin.AutoParentalTags.Api.ModelsController::.ctor(Jellyfin.Plugin.AutoParentalTags.Services.AiServiceFactory,Microsoft.Extensions.Logging.ILogger`1<Jellyfin.Plugin.AutoParentalTags.Api.ModelsController>)
FNDA:6,System.Void Jellyfin.Plugin.AutoParentalTags.Api.ModelsController::.ctor(Jellyfin.Plugin.AutoParentalTags.Services.AiServiceFactory,Microsoft.Extensions.Logging.ILogger`1<Jellyfin.Plugin.AutoParentalTags.Api.ModelsController>)
DA:27,6
DA:28,6
DA:29,6
DA:30,6
DA:31,6
DA:32,6
DA:33,6
FN:41,System.Void Jellyfin.Plugin.AutoParentalTags.Api.ModelsController/<GetModels>d__3::MoveNext()
FNDA:6,System.Void Jellyfin.Plugin.AutoParentalTags.Api.ModelsController/<GetModels>d__3::MoveNext()
DA:42,6
DA:44,6
DA:45,6
DA:46,1
DA:47,1
DA:50,5
DA:53,5
DA:54,5
DA:55,5
DA:56,5
DA:57,5
DA:58,5
DA:60,5
DA:61,5
DA:63,4
DA:65,4
DA:67,1
DA:68,1
DA:69,1
DA:70,1
DA:72,6
BRDA:45,55,0,1
BRDA:45,55,1,5
BRDA:53,175,0,1
BRDA:53,175,1,5
BRDA:53,202,0,4
BRDA:53,202,1,5
LF:28
LH:28
BRF:6
BRH:6
FNF:2
FNH:2
end_of_record
SF:/home/benklop/repos/auto-parental-tags/Jellyfin.Plugin.AutoParentalTags/Api/ModelsRequest.cs
FN:10,System.String Jellyfin.Plugin.AutoParentalTags.Api.ModelsRequest::get_Provider()
FNDA:19,System.String Jellyfin.Plugin.AutoParentalTags.Api.ModelsRequest::get_Provider()
DA:11,19
FN:15,System.String Jellyfin.Plugin.AutoParentalTags.Api.ModelsRequest::get_ApiKey()
FNDA:10,System.String Jellyfin.Plugin.AutoParentalTags.Api.ModelsRequest::get_ApiKey()
DA:16,10
FN:20,System.String Jellyfin.Plugin.AutoParentalTags.Api.ModelsRequest::get_Endpoint()
FNDA:6,System.String Jellyfin.Plugin.AutoParentalTags.Api.ModelsRequest::get_Endpoint()
DA:21,6
LF:3
LH:3
BRF:0
BRH:0
FNF:3
FNH:3
end_of_record